[debug] [2023-01-05T18:09:31.258Z] ----------------------------------------------------------------------
[debug] [2023-01-05T18:09:31.260Z] Command:       /usr/local/bin/node /usr/local/bin/firebase deploy
[debug] [2023-01-05T18:09:31.261Z] CLI Version:   11.19.0
[debug] [2023-01-05T18:09:31.261Z] Platform:      darwin
[debug] [2023-01-05T18:09:31.261Z] Node Version:  v16.17.0
[debug] [2023-01-05T18:09:31.262Z] Time:          Thu Jan 05 2023 20:09:31 GMT+0200 (Israel Standard Time)
[debug] [2023-01-05T18:09:31.262Z] ----------------------------------------------------------------------
[debug] 
[debug] [2023-01-05T18:09:31.360Z] > command requires scopes: ["email","openid","https://www.googleapis.com/auth/cloudplatformprojects.readonly","https://www.googleapis.com/auth/firebase","https://www.googleapis.com/auth/cloud-platform"]
[debug] [2023-01-05T18:09:31.361Z] > authorizing via signed-in user (slasla@gmail.com)
[debug] [2023-01-05T18:09:31.361Z] [iam] checking project social-app-sla for permissions ["firebase.projects.get","firebasehosting.sites.update"]
[debug] [2023-01-05T18:09:31.363Z] > refreshing access token with scopes: []
[debug] [2023-01-05T18:09:31.366Z] >>> [apiv2][query] POST https://www.googleapis.com/oauth2/v3/token [none]
[debug] [2023-01-05T18:09:31.366Z] >>> [apiv2][body] POST https://www.googleapis.com/oauth2/v3/token [omitted]
[debug] [2023-01-05T18:09:31.904Z] <<< [apiv2][status] POST https://www.googleapis.com/oauth2/v3/token 200
[debug] [2023-01-05T18:09:31.904Z] <<< [apiv2][body] POST https://www.googleapis.com/oauth2/v3/token [omitted]
[debug] [2023-01-05T18:09:31.943Z] >>> [apiv2][query] POST https://cloudresourcemanager.googleapis.com/v1/projects/social-app-sla:testIamPermissions [none]
[debug] [2023-01-05T18:09:31.943Z] >>> [apiv2][(partial)header] POST https://cloudresourcemanager.googleapis.com/v1/projects/social-app-sla:testIamPermissions x-goog-quota-user=projects/social-app-sla
[debug] [2023-01-05T18:09:31.943Z] >>> [apiv2][body] POST https://cloudresourcemanager.googleapis.com/v1/projects/social-app-sla:testIamPermissions {"permissions":["firebase.projects.get","firebasehosting.sites.update"]}
[debug] [2023-01-05T18:09:33.048Z] <<< [apiv2][status] POST https://cloudresourcemanager.googleapis.com/v1/projects/social-app-sla:testIamPermissions 200
[debug] [2023-01-05T18:09:33.049Z] <<< [apiv2][body] POST https://cloudresourcemanager.googleapis.com/v1/projects/social-app-sla:testIamPermissions {"permissions":["firebase.projects.get","firebasehosting.sites.update"]}
[debug] [2023-01-05T18:09:33.050Z] >>> [apiv2][query] GET https://firebase.googleapis.com/v1beta1/projects/social-app-sla [none]
[debug] [2023-01-05T18:09:33.584Z] <<< [apiv2][status] GET https://firebase.googleapis.com/v1beta1/projects/social-app-sla 200
[debug] [2023-01-05T18:09:33.585Z] <<< [apiv2][body] GET https://firebase.googleapis.com/v1beta1/projects/social-app-sla {"projectId":"social-app-sla","projectNumber":"959028673802","displayName":"social-app-sla","name":"projects/social-app-sla","resources":{"hostingSite":"social-app-sla"},"state":"ACTIVE","etag":"1_d005e939-c2f9-402f-bcb4-e7c83fef8fee"}
[info] 
[info] === Deploying to 'social-app-sla'...
[info] 
[info] i  deploying hosting 
[debug] [2023-01-05T18:09:33.591Z] >>> [apiv2][query] POST https://firebasehosting.googleapis.com/v1beta1/projects/-/sites/social-app-sla/versions [none]
[debug] [2023-01-05T18:09:33.591Z] >>> [apiv2][body] POST https://firebasehosting.googleapis.com/v1beta1/projects/-/sites/social-app-sla/versions {"status":"CREATED","labels":{"deployment-tool":"cli-firebase"}}
[debug] [2023-01-05T18:09:35.305Z] <<< [apiv2][status] POST https://firebasehosting.googleapis.com/v1beta1/projects/-/sites/social-app-sla/versions 200
[debug] [2023-01-05T18:09:35.305Z] <<< [apiv2][body] POST https://firebasehosting.googleapis.com/v1beta1/projects/-/sites/social-app-sla/versions {"name":"projects/959028673802/sites/social-app-sla/versions/35ee3713aef528c0","status":"CREATED","config":{},"labels":{"deployment-tool":"cli-firebase"}}
[info] i  hosting[social-app-sla]: beginning deploy... 
[info] i  hosting[social-app-sla]: found 16 files in build 
[debug] [2023-01-05T18:09:35.323Z] [hosting] uploading with 200 concurrency
[debug] [2023-01-05T18:09:36.225Z] [hosting] hash cache [YnVpbGQ] stored for 16 files
[debug] [2023-01-05T18:09:36.226Z] [hosting][hash queue][FINAL] {"max":889,"min":29,"avg":96.4375,"active":0,"complete":16,"success":16,"errored":0,"retried":0,"total":16,"elapsed":898}
[debug] [2023-01-05T18:09:36.226Z] >>> [apiv2][query] POST https://firebasehosting.googleapis.com/v1beta1/projects/959028673802/sites/social-app-sla/versions/35ee3713aef528c0:populateFiles [none]
[debug] [2023-01-05T18:09:36.226Z] >>> [apiv2][body] POST https://firebasehosting.googleapis.com/v1beta1/projects/959028673802/sites/social-app-sla/versions/35ee3713aef528c0:populateFiles {"files":{"/asset-manifest.json":"21332046f73d5d1bad010fd2f69b871397e019e140e331d99b3af9a4533f8857","/index.html":"2376f3c7e37dec844243537db6905a360646a920fc081b3d2270d92c6699bb34","/index.css":"c65de5b2bf5022cbdcc0f40698b74b15b359d95da23381c474e33e22deed984c","/logo.svg":"5f6ecf30024a00eebae8bb333ddc0f1c3d19fd8e7e6838404547f41abb63a8e8","/logo512.png":"191fc21360b4ccfb1cda11a1efb97f489ed22672ca83f4064316802bbfdd750e","/manifest.json":"341d52628782f8ac9290bbfc43298afccb47b7cbfcee146ae30cf0f46bc30900","/robots.txt":"391d14b3c2f8c9143a27a28c7399585142228d4d1bdbe2c87ac946de411fa9a2","/static/css/main.5b82ecb3.css":"5be0ed2cc99128488e8be50d16ca657bd4b3fad7ab39683f08ad475a9a50e412","/404.html":"05cbc6f94d7a69ce2e29646eab13be2c884e61ba93e3094df5028866876d18b3","/static/css/main.5b82ecb3.css.map":"902414a1b8d8331b7be552d8c1a8c3f9eb23be4edb6fad870f06926904c7ad65","/favicon.ico":"b72f7455f00e4e58792d2bca892abb068e2213838c0316d6b7a0d6d16acd1955","/logo192.png":"caff018b7f1e8fd481eb1c50d75b0ef236bcd5078b1d15c8bb348453fee30293","/static/js/main.6dc79ce1.js.LICENSE.txt":"d3dc5dd2e46debc8bdd6c68c442930773cefc8de00a5ef88a53de68780de9c4d","/static/media/Logo-social.96c.5ce9f3ef069e0eab1cb6c4f9fd928b86.svg":"1c12ff443f1a5e69d76854a95ec29486b8e8135b18e3750e00ca27143dc08807","/static/js/main.6dc79ce1.js":"0963a140cccbdd35aab8436a8a0ea924462628797f2f308f71b2b43501a04b28","/static/js/main.6dc79ce1.js.map":"c5d5f466a2b096058db295c0029c078589726604cb9201fc80d69cc42e63c4d8"}}
[debug] [2023-01-05T18:09:37.567Z] <<< [apiv2][status] POST https://firebasehosting.googleapis.com/v1beta1/projects/959028673802/sites/social-app-sla/versions/35ee3713aef528c0:populateFiles 200
[debug] [2023-01-05T18:09:37.567Z] <<< [apiv2][body] POST https://firebasehosting.googleapis.com/v1beta1/projects/959028673802/sites/social-app-sla/versions/35ee3713aef528c0:populateFiles {"uploadRequiredHashes":["21332046f73d5d1bad010fd2f69b871397e019e140e331d99b3af9a4533f8857","5be0ed2cc99128488e8be50d16ca657bd4b3fad7ab39683f08ad475a9a50e412","c5d5f466a2b096058db295c0029c078589726604cb9201fc80d69cc42e63c4d8","0963a140cccbdd35aab8436a8a0ea924462628797f2f308f71b2b43501a04b28","1c12ff443f1a5e69d76854a95ec29486b8e8135b18e3750e00ca27143dc08807","2376f3c7e37dec844243537db6905a360646a920fc081b3d2270d92c6699bb34","902414a1b8d8331b7be552d8c1a8c3f9eb23be4edb6fad870f06926904c7ad65"],"uploadUrl":"https://upload-firebasehosting.googleapis.com/upload/sites/social-app-sla/versions/35ee3713aef528c0/files"}
[debug] [2023-01-05T18:09:37.570Z] >>> [apiv2][query] POST https://upload-firebasehosting.googleapis.com/upload/sites/social-app-sla/versions/35ee3713aef528c0/files/21332046f73d5d1bad010fd2f69b871397e019e140e331d99b3af9a4533f8857 [none]
[debug] [2023-01-05T18:09:37.570Z] >>> [apiv2][body] POST https://upload-firebasehosting.googleapis.com/upload/sites/social-app-sla/versions/35ee3713aef528c0/files/21332046f73d5d1bad010fd2f69b871397e019e140e331d99b3af9a4533f8857 [stream]
[debug] [2023-01-05T18:09:37.571Z] >>> [apiv2][query] POST https://upload-firebasehosting.googleapis.com/upload/sites/social-app-sla/versions/35ee3713aef528c0/files/5be0ed2cc99128488e8be50d16ca657bd4b3fad7ab39683f08ad475a9a50e412 [none]
[debug] [2023-01-05T18:09:37.571Z] >>> [apiv2][body] POST https://upload-firebasehosting.googleapis.com/upload/sites/social-app-sla/versions/35ee3713aef528c0/files/5be0ed2cc99128488e8be50d16ca657bd4b3fad7ab39683f08ad475a9a50e412 [stream]
[debug] [2023-01-05T18:09:37.572Z] >>> [apiv2][query] POST https://upload-firebasehosting.googleapis.com/upload/sites/social-app-sla/versions/35ee3713aef528c0/files/c5d5f466a2b096058db295c0029c078589726604cb9201fc80d69cc42e63c4d8 [none]
[debug] [2023-01-05T18:09:37.572Z] >>> [apiv2][body] POST https://upload-firebasehosting.googleapis.com/upload/sites/social-app-sla/versions/35ee3713aef528c0/files/c5d5f466a2b096058db295c0029c078589726604cb9201fc80d69cc42e63c4d8 [stream]
[debug] [2023-01-05T18:09:37.574Z] >>> [apiv2][query] POST https://upload-firebasehosting.googleapis.com/upload/sites/social-app-sla/versions/35ee3713aef528c0/files/0963a140cccbdd35aab8436a8a0ea924462628797f2f308f71b2b43501a04b28 [none]
[debug] [2023-01-05T18:09:37.574Z] >>> [apiv2][body] POST https://upload-firebasehosting.googleapis.com/upload/sites/social-app-sla/versions/35ee3713aef528c0/files/0963a140cccbdd35aab8436a8a0ea924462628797f2f308f71b2b43501a04b28 [stream]
[debug] [2023-01-05T18:09:37.575Z] >>> [apiv2][query] POST https://upload-firebasehosting.googleapis.com/upload/sites/social-app-sla/versions/35ee3713aef528c0/files/1c12ff443f1a5e69d76854a95ec29486b8e8135b18e3750e00ca27143dc08807 [none]
[debug] [2023-01-05T18:09:37.575Z] >>> [apiv2][body] POST https://upload-firebasehosting.googleapis.com/upload/sites/social-app-sla/versions/35ee3713aef528c0/files/1c12ff443f1a5e69d76854a95ec29486b8e8135b18e3750e00ca27143dc08807 [stream]
[debug] [2023-01-05T18:09:37.576Z] >>> [apiv2][query] POST https://upload-firebasehosting.googleapis.com/upload/sites/social-app-sla/versions/35ee3713aef528c0/files/2376f3c7e37dec844243537db6905a360646a920fc081b3d2270d92c6699bb34 [none]
[debug] [2023-01-05T18:09:37.576Z] >>> [apiv2][body] POST https://upload-firebasehosting.googleapis.com/upload/sites/social-app-sla/versions/35ee3713aef528c0/files/2376f3c7e37dec844243537db6905a360646a920fc081b3d2270d92c6699bb34 [stream]
[debug] [2023-01-05T18:09:37.577Z] >>> [apiv2][query] POST https://upload-firebasehosting.googleapis.com/upload/sites/social-app-sla/versions/35ee3713aef528c0/files/902414a1b8d8331b7be552d8c1a8c3f9eb23be4edb6fad870f06926904c7ad65 [none]
[debug] [2023-01-05T18:09:37.577Z] >>> [apiv2][body] POST https://upload-firebasehosting.googleapis.com/upload/sites/social-app-sla/versions/35ee3713aef528c0/files/902414a1b8d8331b7be552d8c1a8c3f9eb23be4edb6fad870f06926904c7ad65 [stream]
[debug] [2023-01-05T18:09:37.580Z] [hosting][populate queue][FINAL] {"max":1347,"min":1347,"avg":1347,"active":0,"complete":1,"success":1,"errored":0,"retried":0,"total":1,"elapsed":1357}
[debug] [2023-01-05T18:09:37.580Z] [hosting] uploads queued: 7
[debug] [2023-01-05T18:09:38.881Z] <<< [apiv2][status] POST https://upload-firebasehosting.googleapis.com/upload/sites/social-app-sla/versions/35ee3713aef528c0/files/2376f3c7e37dec844243537db6905a360646a920fc081b3d2270d92c6699bb34 200
[debug] [2023-01-05T18:09:38.882Z] <<< [apiv2][body] POST https://upload-firebasehosting.googleapis.com/upload/sites/social-app-sla/versions/35ee3713aef528c0/files/2376f3c7e37dec844243537db6905a360646a920fc081b3d2270d92c6699bb34 [stream]
[debug] [2023-01-05T18:09:39.174Z] <<< [apiv2][status] POST https://upload-firebasehosting.googleapis.com/upload/sites/social-app-sla/versions/35ee3713aef528c0/files/21332046f73d5d1bad010fd2f69b871397e019e140e331d99b3af9a4533f8857 200
[debug] [2023-01-05T18:09:39.174Z] <<< [apiv2][body] POST https://upload-firebasehosting.googleapis.com/upload/sites/social-app-sla/versions/35ee3713aef528c0/files/21332046f73d5d1bad010fd2f69b871397e019e140e331d99b3af9a4533f8857 [stream]
[debug] [2023-01-05T18:09:39.469Z] <<< [apiv2][status] POST https://upload-firebasehosting.googleapis.com/upload/sites/social-app-sla/versions/35ee3713aef528c0/files/5be0ed2cc99128488e8be50d16ca657bd4b3fad7ab39683f08ad475a9a50e412 200
[debug] [2023-01-05T18:09:39.470Z] <<< [apiv2][body] POST https://upload-firebasehosting.googleapis.com/upload/sites/social-app-sla/versions/35ee3713aef528c0/files/5be0ed2cc99128488e8be50d16ca657bd4b3fad7ab39683f08ad475a9a50e412 [stream]
[debug] [2023-01-05T18:09:39.722Z] <<< [apiv2][status] POST https://upload-firebasehosting.googleapis.com/upload/sites/social-app-sla/versions/35ee3713aef528c0/files/902414a1b8d8331b7be552d8c1a8c3f9eb23be4edb6fad870f06926904c7ad65 200
[debug] [2023-01-05T18:09:39.723Z] <<< [apiv2][body] POST https://upload-firebasehosting.googleapis.com/upload/sites/social-app-sla/versions/35ee3713aef528c0/files/902414a1b8d8331b7be552d8c1a8c3f9eb23be4edb6fad870f06926904c7ad65 [stream]
